  dynText.c
P:\Documents\Documents\sync\prog\C\JetPack_Joyride\JetPack_Joyride\csfml_framework\csfml_framework.h(15,2): error C2061: syntax error: identifier 'dtDynTextCh'
P:\Documents\Documents\sync\prog\C\JetPack_Joyride\JetPack_Joyride\csfml_framework\csfml_framework.h(16,1): error C2059: syntax error: '}'
P:\Documents\Documents\sync\prog\C\JetPack_Joyride\JetPack_Joyride\csfml_framework\csfml_framework.h(22,2): error C2061: syntax error: identifier 'dtDynTextCh'
P:\Documents\Documents\sync\prog\C\JetPack_Joyride\JetPack_Joyride\csfml_framework\csfml_framework.h(23,1): error C2059: syntax error: '}'
P:\Documents\Documents\sync\prog\C\JetPack_Joyride\JetPack_Joyride\csfml_framework\csfml_framework.h(29,2): error C2061: syntax error: identifier 'dtDynText'
P:\Documents\Documents\sync\prog\C\JetPack_Joyride\JetPack_Joyride\csfml_framework\csfml_framework.h(33,1): error C2059: syntax error: '}'
P:\Documents\Documents\sync\prog\C\JetPack_Joyride\JetPack_Joyride\csfml_framework\csfml_framework.h(38,2): error C2365: 'text': redefinition; previous definition was 'data variable'
P:\Documents\Documents\sync\prog\C\JetPack_Joyride\JetPack_Joyride\csfml_framework\csfml_framework.h(30): message : see declaration of 'text'
P:\Documents\Documents\sync\prog\C\JetPack_Joyride\JetPack_Joyride\csfml_framework\csfml_framework.h(38,6): error C2086: 'shSceneE text': redefinition
P:\Documents\Documents\sync\prog\C\JetPack_Joyride\JetPack_Joyride\csfml_framework\csfml_framework.h(38): message : see declaration of 'text'
P:\Documents\Documents\sync\prog\C\JetPack_Joyride\JetPack_Joyride\csfml_framework\csfml_framework.h(39,2): error C2365: 'rect': redefinition; previous definition was 'data variable'
P:\Documents\Documents\sync\prog\C\JetPack_Joyride\JetPack_Joyride\csfml_framework\csfml_framework.h(31): message : see declaration of 'rect'
P:\Documents\Documents\sync\prog\C\JetPack_Joyride\JetPack_Joyride\csfml_framework\csfml_framework.h(39,6): error C2086: 'shSceneE rect': redefinition
P:\Documents\Documents\sync\prog\C\JetPack_Joyride\JetPack_Joyride\csfml_framework\csfml_framework.h(39): message : see declaration of 'rect'
P:\Documents\Documents\sync\prog\C\JetPack_Joyride\JetPack_Joyride\csfml_framework\csfml_framework.h(40,2): error C2365: 'sprite': redefinition; previous definition was 'data variable'
P:\Documents\Documents\sync\prog\C\JetPack_Joyride\JetPack_Joyride\csfml_framework\csfml_framework.h(32): message : see declaration of 'sprite'
P:\Documents\Documents\sync\prog\C\JetPack_Joyride\JetPack_Joyride\csfml_framework\csfml_framework.h(41,1): error C2086: 'shSceneE sprite': redefinition
P:\Documents\Documents\sync\prog\C\JetPack_Joyride\JetPack_Joyride\csfml_framework\csfml_framework.h(40): message : see declaration of 'sprite'
P:\Documents\Documents\sync\prog\C\JetPack_Joyride\JetPack_Joyride\csfml_framework\csfml_framework.h(46,18): error C2079: 'T' uses undefined union 'shSceneT'
P:\Documents\Documents\sync\prog\C\JetPack_Joyride\JetPack_Joyride\csfml_framework\csfml_framework.h(47,2): error C2061: syntax error: identifier 'scene'
P:\Documents\Documents\sync\prog\C\JetPack_Joyride\JetPack_Joyride\csfml_framework\csfml_framework.h(48,1): error C2059: syntax error: '}'
P:\Documents\Documents\sync\prog\C\JetPack_Joyride\JetPack_Joyride\csfml_framework\csfml_framework.h(54,35): error C2143: syntax error: missing ')' before '*'
P:\Documents\Documents\sync\prog\C\JetPack_Joyride\JetPack_Joyride\csfml_framework\csfml_framework.h(54,35): error C2143: syntax error: missing '{' before '*'
P:\Documents\Documents\sync\prog\C\JetPack_Joyride\JetPack_Joyride\csfml_framework\csfml_framework.h(54,53): error C2059: syntax error: 'type'
P:\Documents\Documents\sync\prog\C\JetPack_Joyride\JetPack_Joyride\csfml_framework\csfml_framework.h(54,58): error C2059: syntax error: ')'
P:\Documents\Documents\sync\prog\C\JetPack_Joyride\JetPack_Joyride\csfml_framework\csfml_framework.h(58,31): error C2143: syntax error: missing ')' before '*'
P:\Documents\Documents\sync\prog\C\JetPack_Joyride\JetPack_Joyride\csfml_framework\csfml_framework.h(58,31): error C2143: syntax error: missing '{' before '*'
P:\Documents\Documents\sync\prog\C\JetPack_Joyride\JetPack_Joyride\csfml_framework\csfml_framework.h(58,37): error C2059: syntax error: ')'
P:\Documents\Documents\sync\prog\C\JetPack_Joyride\JetPack_Joyride\csfml_framework\csfml_framework.h(69,10): error C2143: syntax error: missing '{' before '*'
P:\Documents\Documents\sync\prog\C\JetPack_Joyride\JetPack_Joyride\csfml_framework\csfml_framework.h(69,37): error C2143: syntax error: missing ')' before '*'
P:\Documents\Documents\sync\prog\C\JetPack_Joyride\JetPack_Joyride\csfml_framework\csfml_framework.h(69,37): error C2143: syntax error: missing '{' before '*'
P:\Documents\Documents\sync\prog\C\JetPack_Joyride\JetPack_Joyride\csfml_framework\csfml_framework.h(69,42): error C2371: 'sfVector2f': redefinition; different basic types
P:\PortableApps\CommonFiles\CSFML-2.5\include\SFML\System\Vector2.h(64): message : see declaration of 'sfVector2f'
P:\Documents\Documents\sync\prog\C\JetPack_Joyride\JetPack_Joyride\csfml_framework\csfml_framework.h(69,53): error C2146: syntax error: missing ';' before identifier 'pos'
P:\Documents\Documents\sync\prog\C\JetPack_Joyride\JetPack_Joyride\csfml_framework\csfml_framework.h(69,58): error C2371: 'sfFont': redefinition; different basic types
P:\PortableApps\CommonFiles\CSFML-2.5\include\SFML\Graphics\Types.h(31): message : see declaration of 'sfFont'
P:\Documents\Documents\sync\prog\C\JetPack_Joyride\JetPack_Joyride\csfml_framework\csfml_framework.h(69,64): error C2143: syntax error: missing ';' before '*'
P:\Documents\Documents\sync\prog\C\JetPack_Joyride\JetPack_Joyride\csfml_framework\csfml_framework.h(69,85): error C2059: syntax error: 'type'
P:\Documents\Documents\sync\prog\C\JetPack_Joyride\JetPack_Joyride\csfml_framework\csfml_framework.h(69,108): error C2059: syntax error: ')'
P:\Documents\Documents\sync\prog\C\JetPack_Joyride\JetPack_Joyride\csfml_framework\csfml_framework.h(72,25): error C2143: syntax error: missing ')' before '*'
P:\Documents\Documents\sync\prog\C\JetPack_Joyride\JetPack_Joyride\csfml_framework\csfml_framework.h(72,25): error C2143: syntax error: missing '{' before '*'
P:\Documents\Documents\sync\prog\C\JetPack_Joyride\JetPack_Joyride\csfml_framework\csfml_framework.h(72,30): error C2371: 'sfRenderWindow': redefinition; different basic types
P:\PortableApps\CommonFiles\CSFML-2.5\include\SFML\Graphics\Types.h(36): message : see declaration of 'sfRenderWindow'
P:\Documents\Documents\sync\prog\C\JetPack_Joyride\JetPack_Joyride\csfml_framework\csfml_framework.h(72,44): error C2143: syntax error: missing ';' before '*'
P:\Documents\Documents\sync\prog\C\JetPack_Joyride\JetPack_Joyride\csfml_framework\csfml_framework.h(72,49): error C2059: syntax error: ')'
P:\Documents\Documents\sync\prog\C\JetPack_Joyride\JetPack_Joyride\csfml_framework\csfml_framework.h(75,6): error C2143: syntax error: missing '{' before '*'
P:\Documents\Documents\sync\prog\C\JetPack_Joyride\JetPack_Joyride\csfml_framework\csfml_framework.h(75,23): error C2143: syntax error: missing ')' before '*'
P:\Documents\Documents\sync\prog\C\JetPack_Joyride\JetPack_Joyride\csfml_framework\csfml_framework.h(75,23): error C2143: syntax error: missing '{' before '*'
P:\Documents\Documents\sync\prog\C\JetPack_Joyride\JetPack_Joyride\csfml_framework\csfml_framework.h(75,26): error C2059: syntax error: ')'
P:\Documents\Documents\sync\prog\C\JetPack_Joyride\JetPack_Joyride\csfml_framework\csfml_framework.h(84,27): error C2143: syntax error: missing ')' before '*'
P:\Documents\Documents\sync\prog\C\JetPack_Joyride\JetPack_Joyride\csfml_framework\csfml_framework.h(84,27): error C2143: syntax error: missing '{' before '*'
P:\Documents\Documents\sync\prog\C\JetPack_Joyride\JetPack_Joyride\csfml_framework\csfml_framework.h(84,32): error C2371: 'sfVector2f': redefinition; different basic types
P:\PortableApps\CommonFiles\CSFML-2.5\include\SFML\System\Vector2.h(64): message : see declaration of 'sfVector2f'
P:\Documents\Documents\sync\prog\C\JetPack_Joyride\JetPack_Joyride\csfml_framework\csfml_framework.h(84,43): error C2146: syntax error: missing ';' before identifier 'pos'
P:\Documents\Documents\sync\prog\C\JetPack_Joyride\JetPack_Joyride\csfml_framework\csfml_framework.h(84,48): error C2371: 'sfFont': redefinition; different basic types
P:\PortableApps\CommonFiles\CSFML-2.5\include\SFML\Graphics\Types.h(31): message : see declaration of 'sfFont'
P:\Documents\Documents\sync\prog\C\JetPack_Joyride\JetPack_Joyride\csfml_framework\csfml_framework.h(84,54): error C2143: syntax error: missing ';' before '*'
P:\Documents\Documents\sync\prog\C\JetPack_Joyride\JetPack_Joyride\csfml_framework\csfml_framework.h(84,75): error C2059: syntax error: 'type'
P:\Documents\Documents\sync\prog\C\JetPack_Joyride\JetPack_Joyride\csfml_framework\csfml_framework.h(84,100): error C2059: syntax error: ')'
P:\Documents\Documents\sync\prog\C\JetPack_Joyride\JetPack_Joyride\csfml_framework\csfml_framework.h(89,43): error C2143: syntax error: missing ')' before '*'
P:\Documents\Documents\sync\prog\C\JetPack_Joyride\JetPack_Joyride\csfml_framework\csfml_framework.h(89,43): error C2143: syntax error: missing '{' before '*'
P:\Documents\Documents\sync\prog\C\JetPack_Joyride\JetPack_Joyride\csfml_framework\csfml_framework.h(89,48): error C2371: 'sfVector2f': redefinition; different basic types
P:\PortableApps\CommonFiles\CSFML-2.5\include\SFML\System\Vector2.h(64): message : see declaration of 'sfVector2f'
P:\Documents\Documents\sync\prog\C\JetPack_Joyride\JetPack_Joyride\csfml_framework\csfml_framework.h(89,59): error C2146: syntax error: missing ';' before identifier 'pos'
P:\Documents\Documents\sync\prog\C\JetPack_Joyride\JetPack_Joyride\csfml_framework\csfml_framework.h(89,64): error C2371: 'sfVector2f': redefinition; different basic types
P:\PortableApps\CommonFiles\CSFML-2.5\include\SFML\System\Vector2.h(64): message : see declaration of 'sfVector2f'
P:\Documents\Documents\sync\prog\C\JetPack_Joyride\JetPack_Joyride\csfml_framework\csfml_framework.h(89,75): error C2146: syntax error: missing ';' before identifier 'dim'
P:\Documents\Documents\sync\prog\C\JetPack_Joyride\JetPack_Joyride\csfml_framework\csfml_framework.h(89,80): error C2371: 'sfColor': redefinition; different basic types
P:\PortableApps\CommonFiles\CSFML-2.5\include\SFML\Graphics\Color.h(44): message : see declaration of 'sfColor'
P:\Documents\Documents\sync\prog\C\JetPack_Joyride\JetPack_Joyride\csfml_framework\csfml_framework.h(89,88): error C2146: syntax error: missing ';' before identifier 'c'
P:\Documents\Documents\sync\prog\C\JetPack_Joyride\JetPack_Joyride\csfml_framework\csfml_framework.h(89,89): error C2059: syntax error: ')'
P:\Documents\Documents\sync\prog\C\JetPack_Joyride\JetPack_Joyride\csfml_framework\csfml_framework.h(95,31): error C2143: syntax error: missing ')' before '*'
P:\Documents\Documents\sync\prog\C\JetPack_Joyride\JetPack_Joyride\csfml_framework\csfml_framework.h(95,31): error C2143: syntax error: missing '{' before '*'
P:\Documents\Documents\sync\prog\C\JetPack_Joyride\JetPack_Joyride\csfml_framework\csfml_framework.h(95,36): error C2371: 'sfTexture': redefinition; different basic types
P:\PortableApps\CommonFiles\CSFML-2.5\include\SFML\Graphics\Types.h(40): message : see declaration of 'sfTexture'
P:\Documents\Documents\sync\prog\C\JetPack_Joyride\JetPack_Joyride\csfml_framework\csfml_framework.h(95,45): error C2143: syntax error: missing ';' before '*'
P:\Documents\Documents\sync\prog\C\JetPack_Joyride\JetPack_Joyride\csfml_framework\csfml_framework.h(95,56): error C2371: 'sfVector2f': redefinition; different basic types
P:\PortableApps\CommonFiles\CSFML-2.5\include\SFML\System\Vector2.h(64): message : see declaration of 'sfVector2f'
P:\Documents\Documents\sync\prog\C\JetPack_Joyride\JetPack_Joyride\csfml_framework\csfml_framework.h(95,67): error C2146: syntax error: missing ';' before identifier 'pos'
P:\Documents\Documents\sync\prog\C\JetPack_Joyride\JetPack_Joyride\csfml_framework\csfml_framework.h(95,70): error C2059: syntax error: ')'
P:\Documents\Documents\sync\prog\C\JetPack_Joyride\JetPack_Joyride\csfml_framework\dynText.c(3,33): error C2143: syntax error: missing ')' before '*'
P:\Documents\Documents\sync\prog\C\JetPack_Joyride\JetPack_Joyride\csfml_framework\dynText.c(3,33): error C2143: syntax error: missing '{' before '*'
P:\Documents\Documents\sync\prog\C\JetPack_Joyride\JetPack_Joyride\csfml_framework\dynText.c(3,49): error C2059: syntax error: 'type'
P:\Documents\Documents\sync\prog\C\JetPack_Joyride\JetPack_Joyride\csfml_framework\dynText.c(3,54): error C2059: syntax error: ')'
P:\Documents\Documents\sync\prog\C\JetPack_Joyride\JetPack_Joyride\csfml_framework\dynText.c(23,31): error C2143: syntax error: missing ')' before '*'
P:\Documents\Documents\sync\prog\C\JetPack_Joyride\JetPack_Joyride\csfml_framework\dynText.c(23,31): error C2143: syntax error: missing '{' before '*'
P:\Documents\Documents\sync\prog\C\JetPack_Joyride\JetPack_Joyride\csfml_framework\dynText.c(23,37): error C2059: syntax error: ')'
P:\Documents\Documents\sync\prog\C\JetPack_Joyride\JetPack_Joyride\csfml_framework\dynText.c(24,1): error C2054: expected '(' to follow 'DTTC'
  sceneHandler.c
P:\Documents\Documents\sync\prog\C\JetPack_Joyride\JetPack_Joyride\csfml_framework\csfml_framework.h(15,2): error C2061: syntax error: identifier 'dtDynTextCh'
P:\Documents\Documents\sync\prog\C\JetPack_Joyride\JetPack_Joyride\csfml_framework\csfml_framework.h(16,1): error C2059: syntax error: '}'
P:\Documents\Documents\sync\prog\C\JetPack_Joyride\JetPack_Joyride\csfml_framework\csfml_framework.h(22,2): error C2061: syntax error: identifier 'dtDynTextCh'
P:\Documents\Documents\sync\prog\C\JetPack_Joyride\JetPack_Joyride\csfml_framework\csfml_framework.h(23,1): error C2059: syntax error: '}'
P:\Documents\Documents\sync\prog\C\JetPack_Joyride\JetPack_Joyride\csfml_framework\csfml_framework.h(29,2): error C2061: syntax error: identifier 'dtDynText'
P:\Documents\Documents\sync\prog\C\JetPack_Joyride\JetPack_Joyride\csfml_framework\csfml_framework.h(33,1): error C2059: syntax error: '}'
P:\Documents\Documents\sync\prog\C\JetPack_Joyride\JetPack_Joyride\csfml_framework\csfml_framework.h(38,2): error C2365: 'text': redefinition; previous definition was 'data variable'
P:\Documents\Documents\sync\prog\C\JetPack_Joyride\JetPack_Joyride\csfml_framework\csfml_framework.h(30): message : see declaration of 'text'
P:\Documents\Documents\sync\prog\C\JetPack_Joyride\JetPack_Joyride\csfml_framework\csfml_framework.h(38,6): error C2086: 'shSceneE text': redefinition
P:\Documents\Documents\sync\prog\C\JetPack_Joyride\JetPack_Joyride\csfml_framework\csfml_framework.h(38): message : see declaration of 'text'
P:\Documents\Documents\sync\prog\C\JetPack_Joyride\JetPack_Joyride\csfml_framework\csfml_framework.h(39,2): error C2365: 'rect': redefinition; previous definition was 'data variable'
P:\Documents\Documents\sync\prog\C\JetPack_Joyride\JetPack_Joyride\csfml_framework\csfml_framework.h(31): message : see declaration of 'rect'
P:\Documents\Documents\sync\prog\C\JetPack_Joyride\JetPack_Joyride\csfml_framework\csfml_framework.h(39,6): error C2086: 'shSceneE rect': redefinition
P:\Documents\Documents\sync\prog\C\JetPack_Joyride\JetPack_Joyride\csfml_framework\csfml_framework.h(39): message : see declaration of 'rect'
P:\Documents\Documents\sync\prog\C\JetPack_Joyride\JetPack_Joyride\csfml_framework\csfml_framework.h(40,2): error C2365: 'sprite': redefinition; previous definition was 'data variable'
P:\Documents\Documents\sync\prog\C\JetPack_Joyride\JetPack_Joyride\csfml_framework\csfml_framework.h(32): message : see declaration of 'sprite'
P:\Documents\Documents\sync\prog\C\JetPack_Joyride\JetPack_Joyride\csfml_framework\csfml_framework.h(41,1): error C2086: 'shSceneE sprite': redefinition
P:\Documents\Documents\sync\prog\C\JetPack_Joyride\JetPack_Joyride\csfml_framework\csfml_framework.h(40): message : see declaration of 'sprite'
P:\Documents\Documents\sync\prog\C\JetPack_Joyride\JetPack_Joyride\csfml_framework\csfml_framework.h(46,18): error C2079: 'T' uses undefined union 'shSceneT'
P:\Documents\Documents\sync\prog\C\JetPack_Joyride\JetPack_Joyride\csfml_framework\csfml_framework.h(47,2): error C2061: syntax error: identifier 'scene'
P:\Documents\Documents\sync\prog\C\JetPack_Joyride\JetPack_Joyride\csfml_framework\csfml_framework.h(48,1): error C2059: syntax error: '}'
P:\Documents\Documents\sync\prog\C\JetPack_Joyride\JetPack_Joyride\csfml_framework\csfml_framework.h(54,35): error C2143: syntax error: missing ')' before '*'
P:\Documents\Documents\sync\prog\C\JetPack_Joyride\JetPack_Joyride\csfml_framework\csfml_framework.h(54,35): error C2143: syntax error: missing '{' before '*'
P:\Documents\Documents\sync\prog\C\JetPack_Joyride\JetPack_Joyride\csfml_framework\csfml_framework.h(54,53): error C2059: syntax error: 'type'
P:\Documents\Documents\sync\prog\C\JetPack_Joyride\JetPack_Joyride\csfml_framework\csfml_framework.h(54,58): error C2059: syntax error: ')'
P:\Documents\Documents\sync\prog\C\JetPack_Joyride\JetPack_Joyride\csfml_framework\csfml_framework.h(58,31): error C2143: syntax error: missing ')' before '*'
P:\Documents\Documents\sync\prog\C\JetPack_Joyride\JetPack_Joyride\csfml_framework\csfml_framework.h(58,31): error C2143: syntax error: missing '{' before '*'
P:\Documents\Documents\sync\prog\C\JetPack_Joyride\JetPack_Joyride\csfml_framework\csfml_framework.h(58,37): error C2059: syntax error: ')'
P:\Documents\Documents\sync\prog\C\JetPack_Joyride\JetPack_Joyride\csfml_framework\csfml_framework.h(69,10): error C2143: syntax error: missing '{' before '*'
P:\Documents\Documents\sync\prog\C\JetPack_Joyride\JetPack_Joyride\csfml_framework\csfml_framework.h(69,37): error C2143: syntax error: missing ')' before '*'
P:\Documents\Documents\sync\prog\C\JetPack_Joyride\JetPack_Joyride\csfml_framework\csfml_framework.h(69,37): error C2143: syntax error: missing '{' before '*'
P:\Documents\Documents\sync\prog\C\JetPack_Joyride\JetPack_Joyride\csfml_framework\csfml_framework.h(69,42): error C2371: 'sfVector2f': redefinition; different basic types
P:\PortableApps\CommonFiles\CSFML-2.5\include\SFML\System\Vector2.h(64): message : see declaration of 'sfVector2f'
P:\Documents\Documents\sync\prog\C\JetPack_Joyride\JetPack_Joyride\csfml_framework\csfml_framework.h(69,53): error C2146: syntax error: missing ';' before identifier 'pos'
P:\Documents\Documents\sync\prog\C\JetPack_Joyride\JetPack_Joyride\csfml_framework\csfml_framework.h(69,58): error C2371: 'sfFont': redefinition; different basic types
P:\PortableApps\CommonFiles\CSFML-2.5\include\SFML\Graphics\Types.h(31): message : see declaration of 'sfFont'
P:\Documents\Documents\sync\prog\C\JetPack_Joyride\JetPack_Joyride\csfml_framework\csfml_framework.h(69,64): error C2143: syntax error: missing ';' before '*'
P:\Documents\Documents\sync\prog\C\JetPack_Joyride\JetPack_Joyride\csfml_framework\csfml_framework.h(69,85): error C2059: syntax error: 'type'
P:\Documents\Documents\sync\prog\C\JetPack_Joyride\JetPack_Joyride\csfml_framework\csfml_framework.h(69,108): error C2059: syntax error: ')'
P:\Documents\Documents\sync\prog\C\JetPack_Joyride\JetPack_Joyride\csfml_framework\csfml_framework.h(72,25): error C2143: syntax error: missing ')' before '*'
P:\Documents\Documents\sync\prog\C\JetPack_Joyride\JetPack_Joyride\csfml_framework\csfml_framework.h(72,25): error C2143: syntax error: missing '{' before '*'
P:\Documents\Documents\sync\prog\C\JetPack_Joyride\JetPack_Joyride\csfml_framework\csfml_framework.h(72,30): error C2371: 'sfRenderWindow': redefinition; different basic types
P:\PortableApps\CommonFiles\CSFML-2.5\include\SFML\Graphics\Types.h(36): message : see declaration of 'sfRenderWindow'
P:\Documents\Documents\sync\prog\C\JetPack_Joyride\JetPack_Joyride\csfml_framework\csfml_framework.h(72,44): error C2143: syntax error: missing ';' before '*'
P:\Documents\Documents\sync\prog\C\JetPack_Joyride\JetPack_Joyride\csfml_framework\csfml_framework.h(72,49): error C2059: syntax error: ')'
P:\Documents\Documents\sync\prog\C\JetPack_Joyride\JetPack_Joyride\csfml_framework\csfml_framework.h(75,6): error C2143: syntax error: missing '{' before '*'
P:\Documents\Documents\sync\prog\C\JetPack_Joyride\JetPack_Joyride\csfml_framework\csfml_framework.h(75,23): error C2143: syntax error: missing ')' before '*'
P:\Documents\Documents\sync\prog\C\JetPack_Joyride\JetPack_Joyride\csfml_framework\csfml_framework.h(75,23): error C2143: syntax error: missing '{' before '*'
P:\Documents\Documents\sync\prog\C\JetPack_Joyride\JetPack_Joyride\csfml_framework\csfml_framework.h(75,26): error C2059: syntax error: ')'
P:\Documents\Documents\sync\prog\C\JetPack_Joyride\JetPack_Joyride\csfml_framework\csfml_framework.h(84,27): error C2143: syntax error: missing ')' before '*'
P:\Documents\Documents\sync\prog\C\JetPack_Joyride\JetPack_Joyride\csfml_framework\csfml_framework.h(84,27): error C2143: syntax error: missing '{' before '*'
P:\Documents\Documents\sync\prog\C\JetPack_Joyride\JetPack_Joyride\csfml_framework\csfml_framework.h(84,32): error C2371: 'sfVector2f': redefinition; different basic types
P:\PortableApps\CommonFiles\CSFML-2.5\include\SFML\System\Vector2.h(64): message : see declaration of 'sfVector2f'
P:\Documents\Documents\sync\prog\C\JetPack_Joyride\JetPack_Joyride\csfml_framework\csfml_framework.h(84,43): error C2146: syntax error: missing ';' before identifier 'pos'
P:\Documents\Documents\sync\prog\C\JetPack_Joyride\JetPack_Joyride\csfml_framework\csfml_framework.h(84,48): error C2371: 'sfFont': redefinition; different basic types
P:\PortableApps\CommonFiles\CSFML-2.5\include\SFML\Graphics\Types.h(31): message : see declaration of 'sfFont'
P:\Documents\Documents\sync\prog\C\JetPack_Joyride\JetPack_Joyride\csfml_framework\csfml_framework.h(84,54): error C2143: syntax error: missing ';' before '*'
P:\Documents\Documents\sync\prog\C\JetPack_Joyride\JetPack_Joyride\csfml_framework\csfml_framework.h(84,75): error C2059: syntax error: 'type'
P:\Documents\Documents\sync\prog\C\JetPack_Joyride\JetPack_Joyride\csfml_framework\csfml_framework.h(84,100): error C2059: syntax error: ')'
P:\Documents\Documents\sync\prog\C\JetPack_Joyride\JetPack_Joyride\csfml_framework\csfml_framework.h(89,43): error C2143: syntax error: missing ')' before '*'
P:\Documents\Documents\sync\prog\C\JetPack_Joyride\JetPack_Joyride\csfml_framework\csfml_framework.h(89,43): error C2143: syntax error: missing '{' before '*'
P:\Documents\Documents\sync\prog\C\JetPack_Joyride\JetPack_Joyride\csfml_framework\csfml_framework.h(89,48): error C2371: 'sfVector2f': redefinition; different basic types
P:\PortableApps\CommonFiles\CSFML-2.5\include\SFML\System\Vector2.h(64): message : see declaration of 'sfVector2f'
P:\Documents\Documents\sync\prog\C\JetPack_Joyride\JetPack_Joyride\csfml_framework\csfml_framework.h(89,59): error C2146: syntax error: missing ';' before identifier 'pos'
P:\Documents\Documents\sync\prog\C\JetPack_Joyride\JetPack_Joyride\csfml_framework\csfml_framework.h(89,64): error C2371: 'sfVector2f': redefinition; different basic types
P:\PortableApps\CommonFiles\CSFML-2.5\include\SFML\System\Vector2.h(64): message : see declaration of 'sfVector2f'
P:\Documents\Documents\sync\prog\C\JetPack_Joyride\JetPack_Joyride\csfml_framework\csfml_framework.h(89,75): error C2146: syntax error: missing ';' before identifier 'dim'
P:\Documents\Documents\sync\prog\C\JetPack_Joyride\JetPack_Joyride\csfml_framework\csfml_framework.h(89,80): error C2371: 'sfColor': redefinition; different basic types
P:\PortableApps\CommonFiles\CSFML-2.5\include\SFML\Graphics\Color.h(44): message : see declaration of 'sfColor'
P:\Documents\Documents\sync\prog\C\JetPack_Joyride\JetPack_Joyride\csfml_framework\csfml_framework.h(89,88): error C2146: syntax error: missing ';' before identifier 'c'
P:\Documents\Documents\sync\prog\C\JetPack_Joyride\JetPack_Joyride\csfml_framework\csfml_framework.h(89,89): error C2059: syntax error: ')'
P:\Documents\Documents\sync\prog\C\JetPack_Joyride\JetPack_Joyride\csfml_framework\csfml_framework.h(95,31): error C2143: syntax error: missing ')' before '*'
P:\Documents\Documents\sync\prog\C\JetPack_Joyride\JetPack_Joyride\csfml_framework\csfml_framework.h(95,31): error C2143: syntax error: missing '{' before '*'
P:\Documents\Documents\sync\prog\C\JetPack_Joyride\JetPack_Joyride\csfml_framework\csfml_framework.h(95,36): error C2371: 'sfTexture': redefinition; different basic types
P:\PortableApps\CommonFiles\CSFML-2.5\include\SFML\Graphics\Types.h(40): message : see declaration of 'sfTexture'
P:\Documents\Documents\sync\prog\C\JetPack_Joyride\JetPack_Joyride\csfml_framework\csfml_framework.h(95,45): error C2143: syntax error: missing ';' before '*'
P:\Documents\Documents\sync\prog\C\JetPack_Joyride\JetPack_Joyride\csfml_framework\csfml_framework.h(95,56): error C2371: 'sfVector2f': redefinition; different basic types
P:\PortableApps\CommonFiles\CSFML-2.5\include\SFML\System\Vector2.h(64): message : see declaration of 'sfVector2f'
P:\Documents\Documents\sync\prog\C\JetPack_Joyride\JetPack_Joyride\csfml_framework\csfml_framework.h(95,67): error C2146: syntax error: missing ';' before identifier 'pos'
P:\Documents\Documents\sync\prog\C\JetPack_Joyride\JetPack_Joyride\csfml_framework\csfml_framework.h(95,70): error C2059: syntax error: ')'
P:\Documents\Documents\sync\prog\C\JetPack_Joyride\JetPack_Joyride\csfml_framework\sceneHandler.c(3,10): error C2143: syntax error: missing '{' before '*'
P:\Documents\Documents\sync\prog\C\JetPack_Joyride\JetPack_Joyride\csfml_framework\sceneHandler.c(3,33): error C2143: syntax error: missing ')' before '*'
P:\Documents\Documents\sync\prog\C\JetPack_Joyride\JetPack_Joyride\csfml_framework\sceneHandler.c(3,33): error C2143: syntax error: missing '{' before '*'
P:\Documents\Documents\sync\prog\C\JetPack_Joyride\JetPack_Joyride\csfml_framework\sceneHandler.c(3,38): error C2371: 'sfVector2f': redefinition; different basic types
P:\PortableApps\CommonFiles\CSFML-2.5\include\SFML\System\Vector2.h(64): message : see declaration of 'sfVector2f'
P:\Documents\Documents\sync\prog\C\JetPack_Joyride\JetPack_Joyride\csfml_framework\sceneHandler.c(3,49): error C2146: syntax error: missing ';' before identifier 'pos'
P:\Documents\Documents\sync\prog\C\JetPack_Joyride\JetPack_Joyride\csfml_framework\sceneHandler.c(3,54): error C2371: 'sfFont': redefinition; different basic types
P:\PortableApps\CommonFiles\CSFML-2.5\include\SFML\Graphics\Types.h(31): message : see declaration of 'sfFont'
P:\Documents\Documents\sync\prog\C\JetPack_Joyride\JetPack_Joyride\csfml_framework\sceneHandler.c(3,60): error C2143: syntax error: missing ';' before '*'
P:\Documents\Documents\sync\prog\C\JetPack_Joyride\JetPack_Joyride\csfml_framework\sceneHandler.c(3,81): error C2059: syntax error: 'type'
P:\Documents\Documents\sync\prog\C\JetPack_Joyride\JetPack_Joyride\csfml_framework\sceneHandler.c(3,104): error C2059: syntax error: ')'
P:\Documents\Documents\sync\prog\C\JetPack_Joyride\JetPack_Joyride\csfml_framework\sceneHandler.c(42,25): error C2143: syntax error: missing ')' before '*'
P:\Documents\Documents\sync\prog\C\JetPack_Joyride\JetPack_Joyride\csfml_framework\sceneHandler.c(42,25): error C2143: syntax error: missing '{' before '*'
P:\Documents\Documents\sync\prog\C\JetPack_Joyride\JetPack_Joyride\csfml_framework\sceneHandler.c(42,30): error C2371: 'sfRenderWindow': redefinition; different basic types
P:\PortableApps\CommonFiles\CSFML-2.5\include\SFML\Graphics\Types.h(36): message : see declaration of 'sfRenderWindow'
P:\Documents\Documents\sync\prog\C\JetPack_Joyride\JetPack_Joyride\csfml_framework\sceneHandler.c(42,44): error C2143: syntax error: missing ';' before '*'
P:\Documents\Documents\sync\prog\C\JetPack_Joyride\JetPack_Joyride\csfml_framework\sceneHandler.c(42,49): error C2059: syntax error: ')'
P:\Documents\Documents\sync\prog\C\JetPack_Joyride\JetPack_Joyride\csfml_framework\sceneHandler.c(43,1): error C2054: expected '(' to follow 'win'
P:\Documents\Documents\sync\prog\C\JetPack_Joyride\JetPack_Joyride\csfml_framework\sceneHandler.c(69,6): error C2143: syntax error: missing '{' before '*'
P:\Documents\Documents\sync\prog\C\JetPack_Joyride\JetPack_Joyride\csfml_framework\sceneHandler.c(69,23): error C2143: syntax error: missing ')' before '*'
P:\Documents\Documents\sync\prog\C\JetPack_Joyride\JetPack_Joyride\csfml_framework\sceneHandler.c(69,23): error C2143: syntax error: missing '{' before '*'
P:\Documents\Documents\sync\prog\C\JetPack_Joyride\JetPack_Joyride\csfml_framework\sceneHandler.c(69,26): error C2059: syntax error: ')'
P:\Documents\Documents\sync\prog\C\JetPack_Joyride\JetPack_Joyride\csfml_framework\sceneHandler.c(70,1): error C2054: expected '(' to follow 's'
P:\Documents\Documents\sync\prog\C\JetPack_Joyride\JetPack_Joyride\csfml_framework\sceneHandler.c(91,27): error C2143: syntax error: missing ')' before '*'
P:\Documents\Documents\sync\prog\C\JetPack_Joyride\JetPack_Joyride\csfml_framework\sceneHandler.c(91,27): error C2143: syntax error: missing '{' before '*'
P:\Documents\Documents\sync\prog\C\JetPack_Joyride\JetPack_Joyride\csfml_framework\sceneHandler.c(91,32): error C2371: 'sfVector2f': redefinition; different basic types
P:\PortableApps\CommonFiles\CSFML-2.5\include\SFML\System\Vector2.h(64): message : see declaration of 'sfVector2f'
P:\Documents\Documents\sync\prog\C\JetPack_Joyride\JetPack_Joyride\csfml_framework\sceneHandler.c(91,43): error C2146: syntax error: missing ';' before identifier 'pos'
P:\Documents\Documents\sync\prog\C\JetPack_Joyride\JetPack_Joyride\csfml_framework\sceneHandler.c(91,48): error C2371: 'sfFont': redefinition; different basic types
P:\PortableApps\CommonFiles\CSFML-2.5\include\SFML\Graphics\Types.h(31): message : see declaration of 'sfFont'
P:\Documents\Documents\sync\prog\C\JetPack_Joyride\JetPack_Joyride\csfml_framework\sceneHandler.c(91,54): error C2143: syntax error: missing ';' before '*'
P:\Documents\Documents\sync\prog\C\JetPack_Joyride\JetPack_Joyride\csfml_framework\sceneHandler.c(91,75): error C2059: syntax error: 'type'
P:\Documents\Documents\sync\prog\C\JetPack_Joyride\JetPack_Joyride\csfml_framework\sceneHandler.c(91,100): error C2059: syntax error: ')'
P:\Documents\Documents\sync\prog\C\JetPack_Joyride\JetPack_Joyride\csfml_framework\sceneHandler.c(111,43): error C2143: syntax error: missing ')' before '*'
P:\Documents\Documents\sync\prog\C\JetPack_Joyride\JetPack_Joyride\csfml_framework\sceneHandler.c(111,43): error C2143: syntax error: missing '{' before '*'
P:\Documents\Documents\sync\prog\C\JetPack_Joyride\JetPack_Joyride\csfml_framework\sceneHandler.c(111,48): error C2371: 'sfVector2f': redefinition; different basic types
P:\PortableApps\CommonFiles\CSFML-2.5\include\SFML\System\Vector2.h(64): message : see declaration of 'sfVector2f'
P:\Documents\Documents\sync\prog\C\JetPack_Joyride\JetPack_Joyride\csfml_framework\sceneHandler.c(111,59): error C2146: syntax error: missing ';' before identifier 'pos'
P:\Documents\Documents\sync\prog\C\JetPack_Joyride\JetPack_Joyride\csfml_framework\sceneHandler.c(111,64): error C2371: 'sfVector2f': redefinition; different basic types
P:\PortableApps\CommonFiles\CSFML-2.5\include\SFML\System\Vector2.h(64): message : see declaration of 'sfVector2f'
P:\Documents\Documents\sync\prog\C\JetPack_Joyride\JetPack_Joyride\csfml_framework\sceneHandler.c(111,75): error C2146: syntax error: missing ';' before identifier 'dim'
P:\Documents\Documents\sync\prog\C\JetPack_Joyride\JetPack_Joyride\csfml_framework\sceneHandler.c(111,80): error C2371: 'sfColor': redefinition; different basic types
P:\PortableApps\CommonFiles\CSFML-2.5\include\SFML\Graphics\Color.h(44): message : see declaration of 'sfColor'
P:\Documents\Documents\sync\prog\C\JetPack_Joyride\JetPack_Joyride\csfml_framework\sceneHandler.c(111,88): error C2146: syntax error: missing ';' before identifier 'c'
P:\Documents\Documents\sync\prog\C\JetPack_Joyride\JetPack_Joyride\csfml_framework\sceneHandler.c(111,89): error C2059: syntax error: ')'
P:\Documents\Documents\sync\prog\C\JetPack_Joyride\JetPack_Joyride\csfml_framework\sceneHandler.c(111,89): fatal error C1003: error count exceeds 100; stopping compilation
  Generating Code...
